02/04/2023 04:20:58PM __simp__ ERROR: 
    Name: Artiom
    Function Name: test_add
    Description: Testing adding two numbers
    'int' object is not iterable
 
Traceback (most recent call last):
  File "D:\PythonRepos\ClassLab1\test_tools\test_simp.py", line 29, in test_add
    x = col.myzip(num1,num2)
        ^^^^^^^^^^^^^^^^^^^^
  File "D:\PythonRepos\ClassLab1\tools\col.py", line 2, in myzip
    return zip(it1, it2)
           ^^^^^^^^^^^^^
TypeError: 'int' object is not iterable
02/04/2023 04:23:06PM __simp__ ERROR: 
    Name: Artiom
    Function Name: test_add
    Description: Testing adding two numbers
    assert (<class 'int'> is zip)
 +  where <class 'int'> = type(12)
 
Traceback (most recent call last):
  File "D:\PythonRepos\ClassLab1\test_tools\test_simp.py", line 30, in test_add
    assert type(x) is zip and not None
AssertionError: assert (<class 'int'> is zip)
 +  where <class 'int'> = type(12)
02/04/2023 04:23:33PM __simp__ INFO: 
    Name: Artiom
    Function Name: test_add
    Description: Testing adding two numbers
    
Actual: 12 Expected: 12
 
02/04/2023 04:25:06PM __simp__ ERROR: 
    Name: Artiom
    Function Name: test_add
    Description: Testing adding two numbers
    assert 6 == (9 + 3)
 
Traceback (most recent call last):
  File "D:\PythonRepos\ClassLab1\test_tools\test_simp.py", line 30, in test_add
    assert x == num1+num2
AssertionError: assert 6 == (9 + 3)
02/04/2023 04:25:06PM __simp__ INFO: 
    Name: Artiom
    Function Name: test_add
    Description: Testing adding two numbers
    
Actual: 12 Expected: 12
 
02/04/2023 04:25:31PM __simp__ INFO: 
    Name: Artiom
    Function Name: test_add
    Description: Testing adding two numbers
    
Actual: 6 Expected: 6
 
02/04/2023 04:25:31PM __simp__ INFO: 
    Name: Artiom
    Function Name: test_add
    Description: Testing adding two numbers
    
Actual: 12 Expected: 12
 
02/04/2023 04:26:11PM __simp__ INFO: 
    Name: Artiom
    Function Name: test_add
    Description: Testing adding two numbers
    
Actual: 12 Expected: 12
 
02/04/2023 04:26:11PM __simp__ INFO: 
    Name: Artiom
    Function Name: test_add
    Description: Testing adding two numbers
    
Actual: 6 Expected: 6
 
02/04/2023 04:51:11PM __simp__ INFO: 
    Name: Artiom
    Function Name: test_add
    Description: Testing adding two numbers
    
Actual: 12 Expected: 12
 
02/04/2023 04:51:11PM __simp__ INFO: 
    Name: Artiom
    Function Name: test_add
    Description: Testing adding two numbers
    
Actual: 6 Expected: 6
 
02/04/2023 04:51:47PM __simp__ INFO: 
    Name: Artiom
    Function Name: test_add
    Description: Testing adding two numbers
    
Actual: 12 Expected: 12
 
02/04/2023 04:51:47PM __simp__ INFO: 
    Name: Artiom
    Function Name: test_add
    Description: Testing adding two numbers
    
Actual: 6 Expected: 6
 
